Compilación iniciada a las 07/06/2017 14:44:53.
     1>Proyecto "H:\vortex\rkh\demo\cross\shared\build\80x86\win32_st\vc\shared.vcxproj" en el nodo 2 (Rebuild destinos).
     1>ClCompile:
         C:\Program Files\Microsoft Visual Studio 11.0\VC\bin\CL.exe /c /IH:\vortex\rkh\demo\cross\shared\build\80x86\win32_st\vc\..\..\..\..\..\..\..\source\fwk\inc /IH:\vortex\rkh\demo\cross\shared\build\80x86\win32_st\vc\..\..\..\..\..\..\..\source\mempool\inc /IH:\vortex\rkh\demo\cross\shared\build\80x86\win32_st\vc\..\..\..\..\..\..\..\source\queue\inc /IH:\vortex\rkh\demo\cross\shared\build\80x86\win32_st\vc\..\..\..\..\..\..\..\source\sm\inc /IH:\vortex\rkh\demo\cross\shared\build\80x86\win32_st\vc\..\..\..\..\..\..\..\source\sma\inc /IH:\vortex\rkh\demo\cross\shared\build\80x86\win32_st\vc\..\..\..\..\..\..\..\source\tmr\inc /IH:\vortex\rkh\demo\cross\shared\build\80x86\win32_st\vc\..\..\..\..\..\..\..\source\trc\inc /IH:\vortex\rkh\demo\cross\shared\build\80x86\win32_st\vc\..\..\..\..\..\..\..\source\portable\80x86\win32_st\vc\ /IH:\vortex\rkh\demo\cross\shared\build\80x86\win32_st\vc\..\..\..\..\ /IH:\vortex\rkh\demo\cross\shared\build\80x86\win32_st\vc\..\..\..\..\..\..\libbsp\platform\80x86\vc /ZI /nologo /W4 /WX- /Od /Oy- /D WIN32 /D _DEBUG /D _CONSOLE /D _CRT_SECURE_NO_WARNINGS /D __W32STVC__ /D _UNICODE /D UNICODE /Gm /EHsc /RTC1 /MDd /GS /fp:precise /Zc:wchar_t /Zc:forScope /Fo"Debug\\" /Fd"Debug\vc110.pdb" /Gd /TC /wd4127 /analyze- /errorReport:prompt ..\..\..\..\..\..\..\source\fwk\src\rkhfwk_bittbl.c ..\..\..\..\..\..\..\source\fwk\src\rkhfwk_dynevt.c ..\..\..\..\..\..\..\source\fwk\src\rkhfwk_evtpool.c ..\..\..\..\..\..\..\source\fwk\src\rkhfwk_sched.c ..\..\..\..\..\..\..\source\fwk\src\rkhfwk_version.c ..\..\..\..\..\..\..\source\mempool\src\rkhmempool.c ..\..\..\..\..\..\..\source\portable\80x86\win32_st\vc\rkhport.c ..\..\..\..\..\..\..\source\queue\src\rkhqueue.c ..\..\..\..\..\..\..\source\sma\src\rkhsma.c ..\..\..\..\..\..\..\source\sma\src\rkhsma_prio.c ..\..\..\..\..\..\..\source\sm\src\rkhsm.c ..\..\..\..\..\..\..\source\tmr\src\rkhtmr.c ..\..\..\..\..\..\..\source\trc\src\rkhtrc_filter.c ..\..\..\..\..\..\..\source\trc\src\rkhtrc_record.c ..\..\..\..\..\..\..\source\trc\src\rkhtrc_stream.c ..\..\..\..\..\..\libbsp\platform\80x86\vc\assert.c ..\..\..\..\..\..\libbsp\platform\80x86\vc\bsp_blinky.c ..\..\..\..\..\..\libbsp\platform\80x86\vc\getopt.c ..\..\..\..\..\..\libbsp\platform\80x86\vc\hook.c ..\..\..\..\..\..\libbsp\platform\80x86\vc\trace_io.c ..\..\..\..\..\..\libbsp\platform\80x86\vc\trace_io_tcp.c ..\..\..\..\client.c ..\..\..\..\main.c ..\..\..\..\server.c
         server.c
     1>h:\vortex\rkh\demo\cross\shared\server.c(89): error C2061: error de sintaxis : identificador 'queueReq'
     1>h:\vortex\rkh\demo\cross\shared\server.c(89): error C2059: error de sintaxis : ';'
     1>h:\vortex\rkh\demo\cross\shared\server.c(112): warning C4013: 'rkh_rq_init' sin definir; se supone que extern devuelve como resultado int
     1>h:\vortex\rkh\demo\cross\shared\server.c(112): error C2065: 'queueReq' : identificador no declarado
     1>h:\vortex\rkh\demo\cross\shared\server.c(126): warning C4013: 'RKH_ALLOC_EVT' sin definir; se supone que extern devuelve como resultado int
     1>h:\vortex\rkh\demo\cross\shared\server.c(126): error C2143: error de sintaxis : falta ')' delante de 'tipo'
     1>h:\vortex\rkh\demo\cross\shared\server.c(126): warning C4047: '=' : 'StartEvt *' es distinto en los niveles de direccionamiento indirecto de 'int'
     1>h:\vortex\rkh\demo\cross\shared\server.c(126): error C2059: error de sintaxis : ')'
     1>h:\vortex\rkh\demo\cross\shared\server.c(141): error C2065: 'queueReq' : identificador no declarado
     1>h:\vortex\rkh\demo\cross\shared\server.c(141): warning C4133: 'función' : tipos incompatibles, de 'int *' a 'RKH_QUEUE_T *'
     1>h:\vortex\rkh\demo\cross\shared\server.c(154): error C2065: 'queueReq' : identificador no declarado
     1>h:\vortex\rkh\demo\cross\shared\server.c(154): warning C4133: 'función' : tipos incompatibles, de 'int *' a 'RKH_QUEUE_T *'
     1>h:\vortex\rkh\demo\cross\shared\server.c(163): warning C4013: 'rkh_fwk_exit' sin definir; se supone que extern devuelve como resultado int
     1>h:\vortex\rkh\demo\cross\shared\server.c(179): error C2065: 'queueReq' : identificador no declarado
     1>h:\vortex\rkh\demo\cross\shared\server.c(179): warning C4133: 'función' : tipos incompatibles, de 'int *' a 'RKH_QUEUE_T *'
         main.c
     1>h:\vortex\rkh\demo\cross\shared\main.c(71): warning C4013: 'rkh_fwk_enter' sin definir; se supone que extern devuelve como resultado int
         client.c
     1>h:\vortex\rkh\demo\cross\shared\client.c(101): warning C4131: 'RKH_ROM_STATIC_EVENT' : utiliza el declarador de estilo anterior
     1>h:\vortex\rkh\demo\cross\shared\client.c(101): warning C4431: falta el especificador de tipo - se presupone int. Nota: C no admite default-int
     1>h:\vortex\rkh\demo\cross\shared\client.c(102): warning C4131: 'RKH_ROM_STATIC_EVENT' : utiliza el declarador de estilo anterior
     1>h:\vortex\rkh\demo\cross\shared\client.c(102): warning C4431: falta el especificador de tipo - se presupone int. Nota: C no admite default-int
     1>h:\vortex\rkh\demo\cross\shared\client.c(103): warning C4131: 'RKH_ROM_STATIC_EVENT' : utiliza el declarador de estilo anterior
     1>h:\vortex\rkh\demo\cross\shared\client.c(103): warning C4431: falta el especificador de tipo - se presupone int. Nota: C no admite default-int
     1>h:\vortex\rkh\demo\cross\shared\client.c(123): error C2065: 'evToUse' : identificador no declarado
     1>h:\vortex\rkh\demo\cross\shared\client.c(123): warning C4133: 'función' : tipos incompatibles, de 'int *' a 'const RKH_EVT_T *'
     1>h:\vortex\rkh\demo\cross\shared\client.c(124): error C2065: 'evToReq' : identificador no declarado
     1>h:\vortex\rkh\demo\cross\shared\client.c(124): warning C4133: 'función' : tipos incompatibles, de 'int *' a 'const RKH_EVT_T *'
     1>h:\vortex\rkh\demo\cross\shared\client.c(134): warning C4013: 'RKH_ALLOC_EVT' sin definir; se supone que extern devuelve como resultado int
     1>h:\vortex\rkh\demo\cross\shared\client.c(134): error C2143: error de sintaxis : falta ')' delante de 'tipo'
     1>h:\vortex\rkh\demo\cross\shared\client.c(134): warning C4047: '=' : 'ReqEvt *' es distinto en los niveles de direccionamiento indirecto de 'int'
     1>h:\vortex\rkh\demo\cross\shared\client.c(134): error C2059: error de sintaxis : ')'
     1>h:\vortex\rkh\demo\cross\shared\client.c(156): error C2065: 'evDone' : identificador no declarado
     1>h:\vortex\rkh\demo\cross\shared\client.c(156): warning C4133: 'función' : tipos incompatibles, de 'int *' a 'const RKH_EVT_T *'
         trace_io_tcp.c
         trace_io.c
         hook.c
     1>h:\vortex\rkh\demo\libbsp\platform\80x86\vc\hook.c(91): warning C4013: 'bsp_keyParser' sin definir; se supone que extern devuelve como resultado int
     1>h:\vortex\rkh\demo\libbsp\platform\80x86\vc\hook.c(126): warning C4013: 'bsp_timeTick' sin definir; se supone que extern devuelve como resultado int
         getopt.c
         bsp_blinky.c
     1>h:\vortex\rkh\demo\libbsp\platform\80x86\vc\bsp_blinky.c(54): fatal error C1083: No se puede abrir el archivo incluir: 'blinky.h': No such file or directory
         assert.c
         rkhtrc_stream.c
         rkhtrc_record.c
         rkhtrc_filter.c
         rkhtmr.c
         rkhsm.c
         rkhsma_prio.c
         rkhsma.c
         rkhqueue.c
         rkhport.c
         rkhmempool.c
         rkhfwk_version.c
         Generando código...
         Compilando...
         rkhfwk_sched.c
         rkhfwk_evtpool.c
         rkhfwk_dynevt.c
         rkhfwk_bittbl.c
         Generando código...
     1>Compilación del proyecto terminada "H:\vortex\rkh\demo\cross\shared\build\80x86\win32_st\vc\shared.vcxproj" (Rebuild destinos) -- ERROR.

ERROR al compilar.

Tiempo transcurrido 00:00:10.79
